2023-02-11 17:02:210 INFO  LoginPage :35 - getting text from : [[ChromeDriver: chrome on WINDOWS (faf24e85f6f2ed2f7b35d4691ae0fffc)] -> class name: page-title]
2023-02-11 17:02:822 INFO  LoginPage :43 - getting Text From : [[ChromeDriver: chrome on WINDOWS (c6e8e145eb7e7ff9abce97e32713448d)] -> xpath: //h1[contains(text(),'Welcome, Please Sign In!')]]
2023-02-11 17:02:214 INFO  LoginPage :47 - getting Text From : [[ChromeDriver: chrome on WINDOWS (5661130589f278ad73836a815710a0be)] -> xpath: //div[@class='message-error validation-summary-errors']]
2023-02-11 18:02:412 INFO  LoginPage :51 - getting Text From : Proxy element for: DefaultElementLocator 'By.xpath: //a[@class='ico-logout']'
2023-02-11 18:02:206 INFO  LoginPage :35 - getting text from : [[ChromeDriver: chrome on WINDOWS (f6a808c8b20b0e3bf7890f82c95de67b)] -> class name: page-title]
2023-02-11 18:02:868 INFO  LoginPage :39 - getting text from : [[ChromeDriver: chrome on WINDOWS (01414f3826ccf3163b3efb0b6122dde0)] -> xpath: //div[@class='page-title']]
2023-02-12 22:02:753 INFO  HomePage :36 - getting Text From : [[ChromeDriver: chrome on WINDOWS (8e482d4477760bbf9a5856d8a44c9030)] -> link text: Log in]
2023-02-12 22:02:633 INFO  LoginPage :43 - getting Text From : [[ChromeDriver: chrome on WINDOWS (c028f1134ac12cac2e26607d0722ecc9)] -> xpath: //h1[contains(text(),'Welcome, Please Sign In!')]]
2023-02-12 22:02:611 INFO  LoginPage :47 - getting Text From : [[ChromeDriver: chrome on WINDOWS (898a9fba9b72b81184da2d8b42559493)] -> xpath: //div[@class='message-error validation-summary-errors']]
2023-02-12 22:02:607 INFO  LoginPage :51 - getting Text From : [[ChromeDriver: chrome on WINDOWS (8caea96f00685745a6eebfac5892a77e)] -> xpath: //a[@class='ico-logout']]
2023-02-12 22:02:536 INFO  LoginPage :35 - getting text from : [[ChromeDriver: chrome on WINDOWS (a0ee2429d429623b4b84f9d55f98b2b9)] -> class name: page-title]
2023-02-12 22:02:581 INFO  LoginPage :39 - getting text from : [[ChromeDriver: chrome on WINDOWS (5e0e17186d2ace329bead9eb32488c43)] -> xpath: //div[@class='page-title']]
2023-02-12 22:02:410 INFO  LoginPage :43 - getting Text From : [[ChromeDriver: chrome on WINDOWS (dd7bf67fb27bc06c52c059ebefd9ee52)] -> xpath: //h1[contains(text(),'Welcome, Please Sign In!')]]
2023-02-12 22:02:908 INFO  LoginPage :47 - getting Text From : [[ChromeDriver: chrome on WINDOWS (8957cf663f6c236b5ab6d86654a4cbb9)] -> xpath: //div[@class='message-error validation-summary-errors']]
2023-02-12 22:02:471 INFO  HomePage :36 - getting Text From : [[ChromeDriver: chrome on WINDOWS (ad7cf008d7c62f069da78a02ca7f3b4d)] -> link text: Log in]
2023-02-12 22:02:798 INFO  LoginPage :43 - getting Text From : [[ChromeDriver: chrome on WINDOWS (eca7705f503b5044dfbc63b8e1ebcc28)] -> xpath: //h1[contains(text(),'Welcome, Please Sign In!')]]
2023-02-12 22:02:30 INFO  LoginPage :47 - getting Text From : [[ChromeDriver: chrome on WINDOWS (49fb5198a1ea0306b3d850273803afdf)] -> xpath: //div[@class='message-error validation-summary-errors']]
2023-02-12 22:02:751 INFO  LoginPage :51 - getting Text From : [[ChromeDriver: chrome on WINDOWS (c824c3ddf8b9cf347897f99dd61d4fe2)] -> xpath: //a[@class='ico-logout']]
2023-02-12 22:02:897 INFO  LoginPage :35 - getting text from : [[ChromeDriver: chrome on WINDOWS (7f0bf822a6975a5bae34da98f1d4f2fb)] -> class name: page-title]
2023-02-12 22:02:87 INFO  LoginPage :39 - getting text from : [[ChromeDriver: chrome on WINDOWS (59e92169d68f24b1a33371ae71e12a60)] -> xpath: //div[@class='page-title']]
